<?xml version="1.0" encoding="UTF-8"?>
<!-- Generated by org.testng.reporters.JUnitReportReporter -->
<testsuite skipped="0" hostname="SYS" name="TestCases.LoginPageTest" tests="1" failures="0" timestamp="11 Jul 2020 20:45:09 GMT" time="0.085" errors="0">
  <testcase name="loginPageTitleTest" time="0.085" classname="TestCases.LoginPageTest"/>
</testsuite> <!-- TestCases.LoginPageTest -->
