<?xml version="1.0" encoding="UTF-8"?>
<!-- Generated by org.testng.reporters.JUnitReportReporter -->
<testsuite skipped="0" hostname="SYS" name="TestCases.HomePageTest" tests="3" failures="0" timestamp="11 Jul 2020 20:45:09 GMT" time="101.219" errors="0">
  <testcase name="verifyHomePageTitleTest" time="0.104" classname="TestCases.HomePageTest"/>
  <testcase name="verifyUserNameTest" time="0.952" classname="TestCases.HomePageTest"/>
  <testcase name="ContactsLinkTest" time="100.163" classname="TestCases.HomePageTest"/>
</testsuite> <!-- TestCases.HomePageTest -->
